<?xml version="1.0" encoding="UTF-8"?>
<!-- Generated by org.testng.reporters.JUnitReportReporter -->
<testsuite skipped="0" hostname="DESKTOP-N308L1J" name="util.BrowserFactory" tests="1" failures="0" timestamp="22 May 2021 16:13:30 GMT" time="5.232" errors="0">
  <testcase name="init" time="5.232" classname="util.BrowserFactory"/>
</testsuite> <!-- util.BrowserFactory -->
