<?xml version="1.0" encoding="UTF-8"?>
<!-- Generated by org.testng.reporters.JUnitReportReporter -->
<testsuite skipped="0" hostname="DESKTOP-N308L1J" name="test.AddCustomerTest" tests="1" failures="0" timestamp="22 May 2021 18:26:54 GMT" time="12.803" errors="0">
  <testcase name="validUserShouldBeAbleToCreateCustomer" time="12.803" classname="test.AddCustomerTest"/>
</testsuite> <!-- test.AddCustomerTest -->
