<?xml version="1.0" encoding="UTF-8"?>
<!-- Generated by org.testng.reporters.JUnitReportReporter -->
<testsuite skipped="0" hostname="DESKTOP-N308L1J" name="test.LoginTest" tests="1" failures="0" timestamp="22 May 2021 17:52:01 GMT" time="8.875" errors="0">
  <testcase name="loginTest" time="8.875" classname="test.LoginTest"/>
</testsuite> <!-- test.LoginTest -->
